0 info it worked if it ends with ok
1 verbose cli [ '/usr/bin/nodejs',
1 verbose cli   '/usr/bin/npm',
1 verbose cli   'install',
1 verbose cli   'ajv-keywords@5.2.2' ]
2 info using npm@3.10.10
3 info using node@v6.10.2
4 silly loadCurrentTree Starting
5 silly install loadCurrentTree
6 silly install readLocalPackageData
7 silly fetchPackageMetaData ajv-keywords@5.2.2
8 silly fetchNamedPackageData ajv-keywords
9 silly mapToRegistry name ajv-keywords
10 silly mapToRegistry using default registry
11 silly mapToRegistry registry https://registry.npmjs.org/
12 silly mapToRegistry data Result {
12 silly mapToRegistry   raw: 'ajv-keywords',
12 silly mapToRegistry   scope: null,
12 silly mapToRegistry   escapedName: 'ajv-keywords',
12 silly mapToRegistry   name: 'ajv-keywords',
12 silly mapToRegistry   rawSpec: '',
12 silly mapToRegistry   spec: 'latest',
12 silly mapToRegistry   type: 'tag' }
13 silly mapToRegistry uri https://registry.npmjs.org/ajv-keywords
14 verbose request uri https://registry.npmjs.org/ajv-keywords
15 verbose request no auth needed
16 info attempt registry request try #1 at 4:56:27 PM
17 verbose request id 21a5548d79e523e4
18 verbose etag W/"5956d99f-e3c0"
19 verbose lastModified Fri, 30 Jun 2017 23:07:11 GMT
20 http request GET https://registry.npmjs.org/ajv-keywords
21 http 304 https://registry.npmjs.org/ajv-keywords
22 verbose headers { date: 'Fri, 04 Aug 2017 16:56:27 GMT',
22 verbose headers   via: '1.1 varnish',
22 verbose headers   'cache-control': 'max-age=300',
22 verbose headers   etag: 'W/"5956d99f-e3c0"',
22 verbose headers   age: '137',
22 verbose headers   connection: 'keep-alive',
22 verbose headers   'x-served-by': 'cache-ord1734-ORD',
22 verbose headers   'x-cache': 'HIT',
22 verbose headers   'x-cache-hits': '2',
22 verbose headers   'x-timer': 'S1501865787.261429,VS0,VE0',
22 verbose headers   vary: 'Accept-Encoding, Accept' }
23 silly get cb [ 304,
23 silly get   { date: 'Fri, 04 Aug 2017 16:56:27 GMT',
23 silly get     via: '1.1 varnish',
23 silly get     'cache-control': 'max-age=300',
23 silly get     etag: 'W/"5956d99f-e3c0"',
23 silly get     age: '137',
23 silly get     connection: 'keep-alive',
23 silly get     'x-served-by': 'cache-ord1734-ORD',
23 silly get     'x-cache': 'HIT',
23 silly get     'x-cache-hits': '2',
23 silly get     'x-timer': 'S1501865787.261429,VS0,VE0',
23 silly get     vary: 'Accept-Encoding, Accept' } ]
24 verbose etag https://registry.npmjs.org/ajv-keywords from cache
25 verbose get saving ajv-keywords to /home/vagrant/.npm/registry.npmjs.org/ajv-keywords/.cache.json
26 verbose correctMkdir /home/vagrant/.npm correctMkdir not in flight; initializing
27 silly fetchNamedPackageData No valid target from cache, forcing network
28 verbose request uri https://registry.npmjs.org/ajv-keywords
29 verbose request no auth needed
30 info attempt registry request try #1 at 4:56:27 PM
31 http request GET https://registry.npmjs.org/ajv-keywords
32 http 200 https://registry.npmjs.org/ajv-keywords
33 verbose headers { server: 'nginx/1.10.1',
33 verbose headers   'content-type': 'application/json',
33 verbose headers   'last-modified': 'Fri, 30 Jun 2017 23:07:11 GMT',
33 verbose headers   etag: 'W/"5956d99f-e3c0"',
33 verbose headers   'content-encoding': 'gzip',
33 verbose headers   'cache-control': 'max-age=300',
33 verbose headers   'content-length': '9711',
33 verbose headers   'accept-ranges': 'bytes',
33 verbose headers   date: 'Fri, 04 Aug 2017 16:56:27 GMT',
33 verbose headers   via: '1.1 varnish',
33 verbose headers   age: '137',
33 verbose headers   connection: 'keep-alive',
33 verbose headers   'x-served-by': 'cache-ord1734-ORD',
33 verbose headers   'x-cache': 'HIT',
33 verbose headers   'x-cache-hits': '3',
33 verbose headers   'x-timer': 'S1501865787.319016,VS0,VE0',
33 verbose headers   vary: 'Accept-Encoding, Accept' }
34 silly get cb [ 200,
34 silly get   { server: 'nginx/1.10.1',
34 silly get     'content-type': 'application/json',
34 silly get     'last-modified': 'Fri, 30 Jun 2017 23:07:11 GMT',
34 silly get     etag: 'W/"5956d99f-e3c0"',
34 silly get     'content-encoding': 'gzip',
34 silly get     'cache-control': 'max-age=300',
34 silly get     'content-length': '9711',
34 silly get     'accept-ranges': 'bytes',
34 silly get     date: 'Fri, 04 Aug 2017 16:56:27 GMT',
34 silly get     via: '1.1 varnish',
34 silly get     age: '137',
34 silly get     connection: 'keep-alive',
34 silly get     'x-served-by': 'cache-ord1734-ORD',
34 silly get     'x-cache': 'HIT',
34 silly get     'x-cache-hits': '3',
34 silly get     'x-timer': 'S1501865787.319016,VS0,VE0',
34 silly get     vary: 'Accept-Encoding, Accept' } ]
35 verbose get saving ajv-keywords to /home/vagrant/.npm/registry.npmjs.org/ajv-keywords/.cache.json
36 verbose correctMkdir /home/vagrant/.npm correctMkdir not in flight; initializing
37 silly fetchPackageMetaData Error: No compatible version found: ajv-keywords@5.2.2
37 silly fetchPackageMetaData Valid install targets:
37 silly fetchPackageMetaData 2.1.0, 2.0.1-beta.2, 2.0.1-beta.1, 2.0.1-beta.0, 2.0.0, 2.0.0-beta.2, 2.0.0-beta.1, 2.0.0-beta.0, 1.5.1, 1.5.0, 1.4.1, 1.4.0, 1.3.0, 1.2.1, 1.2.0, 1.1.1, 1.1.0, 1.0.0, 0.2.0, 0.1.1, 0.1.0
37 silly fetchPackageMetaData
37 silly fetchPackageMetaData     at pickVersionFromRegistryDocument (/usr/lib/node_modules/npm/lib/fetch-package-metadata.js:178:16)
37 silly fetchPackageMetaData     at /usr/lib/node_modules/npm/node_modules/iferr/index.js:13:50
37 silly fetchPackageMetaData     at /usr/lib/node_modules/npm/lib/utils/pulse-till-done.js:20:8
37 silly fetchPackageMetaData     at saved (/usr/lib/node_modules/npm/lib/cache/caching-client.js:174:7)
37 silly fetchPackageMetaData     at /usr/lib/node_modules/npm/node_modules/graceful-fs/polyfills.js:241:18
37 silly fetchPackageMetaData     at FSReqWrap.oncomplete (fs.js:123:15)
37 silly fetchPackageMetaData  error for ajv-keywords@5.2.2 { Error: No compatible version found: ajv-keywords@5.2.2
37 silly fetchPackageMetaData Valid install targets:
37 silly fetchPackageMetaData 2.1.0, 2.0.1-beta.2, 2.0.1-beta.1, 2.0.1-beta.0, 2.0.0, 2.0.0-beta.2, 2.0.0-beta.1, 2.0.0-beta.0, 1.5.1, 1.5.0, 1.4.1, 1.4.0, 1.3.0, 1.2.1, 1.2.0, 1.1.1, 1.1.0, 1.0.0, 0.2.0, 0.1.1, 0.1.0
37 silly fetchPackageMetaData
37 silly fetchPackageMetaData     at pickVersionFromRegistryDocument (/usr/lib/node_modules/npm/lib/fetch-package-metadata.js:178:16)
37 silly fetchPackageMetaData     at /usr/lib/node_modules/npm/node_modules/iferr/index.js:13:50
37 silly fetchPackageMetaData     at /usr/lib/node_modules/npm/lib/utils/pulse-till-done.js:20:8
37 silly fetchPackageMetaData     at saved (/usr/lib/node_modules/npm/lib/cache/caching-client.js:174:7)
37 silly fetchPackageMetaData     at /usr/lib/node_modules/npm/node_modules/graceful-fs/polyfills.js:241:18
37 silly fetchPackageMetaData     at FSReqWrap.oncomplete (fs.js:123:15) code: 'ETARGET' }
38 silly rollbackFailedOptional Starting
39 silly rollbackFailedOptional Finishing
40 silly runTopLevelLifecycles Finishing
41 silly install printInstalled
42 verbose stack Error: No compatible version found: ajv-keywords@5.2.2
42 verbose stack Valid install targets:
42 verbose stack 2.1.0, 2.0.1-beta.2, 2.0.1-beta.1, 2.0.1-beta.0, 2.0.0, 2.0.0-beta.2, 2.0.0-beta.1, 2.0.0-beta.0, 1.5.1, 1.5.0, 1.4.1, 1.4.0, 1.3.0, 1.2.1, 1.2.0, 1.1.1, 1.1.0, 1.0.0, 0.2.0, 0.1.1, 0.1.0
42 verbose stack
42 verbose stack     at pickVersionFromRegistryDocument (/usr/lib/node_modules/npm/lib/fetch-package-metadata.js:178:16)
42 verbose stack     at /usr/lib/node_modules/npm/node_modules/iferr/index.js:13:50
42 verbose stack     at /usr/lib/node_modules/npm/lib/utils/pulse-till-done.js:20:8
42 verbose stack     at saved (/usr/lib/node_modules/npm/lib/cache/caching-client.js:174:7)
42 verbose stack     at /usr/lib/node_modules/npm/node_modules/graceful-fs/polyfills.js:241:18
42 verbose stack     at FSReqWrap.oncomplete (fs.js:123:15)
43 verbose cwd /home/vagrant/Code/nuportfolio
44 error Linux 4.4.0-66-generic
45 error argv "/usr/bin/nodejs" "/usr/bin/npm" "install" "ajv-keywords@5.2.2"
46 error node v6.10.2
47 error npm  v3.10.10
48 error code ETARGET
49 error notarget No compatible version found: ajv-keywords@5.2.2
49 error notarget Valid install targets:
49 error notarget 2.1.0, 2.0.1-beta.2, 2.0.1-beta.1, 2.0.1-beta.0, 2.0.0, 2.0.0-beta.2, 2.0.0-beta.1, 2.0.0-beta.0, 1.5.1, 1.5.0, 1.4.1, 1.4.0, 1.3.0, 1.2.1, 1.2.0, 1.1.1, 1.1.0, 1.0.0, 0.2.0, 0.1.1, 0.1.0
50 error notarget This is most likely not a problem with npm itself.
50 error notarget In most cases you or one of your dependencies are requesting
50 error notarget a package version that doesn't exist.
51 verbose exit [ 1, true ]
